<?xml version="1.0" encoding="UTF-8"?>
<testng-results skipped="0" failed="0" ignored="0" total="1" passed="1">
  <reporter-output>
  </reporter-output>
  <suite name="Default suite" duration-ms="34581" started-at="2022-03-30T15:53:26 IST" finished-at="2022-03-30T15:54:01 IST">
    <groups>
    </groups>
    <test name="Default test" duration-ms="34581" started-at="2022-03-30T15:53:26 IST" finished-at="2022-03-30T15:54:01 IST">
      <class name="jenkinOne.PeojectOne">
        <test-method status="PASS" signature="dragdropTest1()[pri:0, instance:jenkinOne.PeojectOne@4d50efb8]" name="dragdropTest1" duration-ms="34535" started-at="2022-03-30T15:53:26 IST" finished-at="2022-03-30T15:54:01 IST">
          <reporter-output>
          </reporter-output>
        </test-method> <!-- dragdropTest1 -->
      </class> <!-- jenkinOne.PeojectOne -->
    </test> <!-- Default test -->
  </suite> <!-- Default suite -->
</testng-results>
